\BOOKMARK [0][-]{chapter*.1}{\376\377\000R\000e\000m\000e\000r\000c\000i\000e\000m\000e\000n\000t\000s}{}% 1
\BOOKMARK [0][-]{chapter*.4}{\376\377\000I\000n\000t\000r\000o\000d\000u\000c\000t\000i\000o\000n}{}% 2
\BOOKMARK [0][-]{chapter.1}{\376\377\000L\000a\000\040\000s\000t\000r\000u\000c\000t\000u\000r\000e\000\040\000d\040\031\000a\000c\000c\000u\000e\000i\000l\000\040\000d\000e\000\040\000m\000o\000n\000\040\000s\000t\000a\000g\000e\000\040\000:\000\040\000E\000B\000O\000P}{}% 3
\BOOKMARK [1][-]{section.1.1}{\376\377\000P\000r\000\351\000s\000e\000n\000t\000a\000t\000i\000o\000n\000\040\000d\000e\000\040\000l\000'\000o\000r\000g\000a\000n\000i\000s\000a\000t\000i\000o\000n}{chapter.1}% 4
\BOOKMARK [1][-]{section.1.2}{\376\377\000L\040\031\000e\000n\000v\000i\000r\000o\000n\000n\000e\000m\000e\000n\000t\000\040\000d\000e\000\040\000t\000r\000a\000v\000a\000i\000l}{chapter.1}% 5
\BOOKMARK [0][-]{chapter.2}{\376\377\000D\000\351\000f\000i\000n\000i\000t\000i\000o\000n\000\040\000d\000u\000\040\000s\000u\000j\000e\000t\000\040\000d\000e\000\040\000s\000t\000a\000g\000e}{}% 6
\BOOKMARK [1][-]{section.2.1}{\376\377\000C\000o\000n\000t\000e\000x\000t\000e\000\040\000e\000t\000\040\000p\000r\000o\000b\000l\000\351\000m\000a\000t\000i\000q\000u\000e}{chapter.2}% 7
\BOOKMARK [1][-]{section.2.2}{\376\377\000O\000b\000j\000e\000c\000t\000i\000f\000s\000\040\000d\000u\000\040\000s\000t\000a\000g\000e}{chapter.2}% 8
\BOOKMARK [1][-]{section.2.3}{\376\377\000C\000o\000l\000l\000a\000b\000o\000r\000a\000t\000i\000o\000n\000\040\000e\000t\000\040\000i\000n\000t\000\351\000g\000r\000a\000t\000i\000o\000n}{chapter.2}% 9
\BOOKMARK [1][-]{section.2.4}{\376\377\000\311\000q\000u\000i\000p\000e\000m\000e\000n\000t\000\040\000e\000t\000\040\000o\000u\000t\000i\000l\000s}{chapter.2}% 10
\BOOKMARK [0][-]{chapter.3}{\376\377\000C\000o\000n\000t\000e\000n\000u\000\040\000e\000t\000\040\000d\000\351\000r\000o\000u\000l\000e\000m\000e\000n\000t\000\040\000d\000u\000\040\000s\000t\000a\000g\000e}{}% 11
\BOOKMARK [1][-]{section.3.1}{\376\377\000E\000x\000p\000l\000o\000r\000a\000t\000i\000o\000n\000\040\000d\000e\000s\000\040\000o\000u\000t\000i\000l\000s\000\040\000e\000t\000\040\000p\000r\000e\000m\000i\000\350\000r\000e\000s\000\040\000i\000m\000p\000l\000\351\000m\000e\000n\000t\000a\000t\000i\000o\000n\000s}{chapter.3}% 12
\BOOKMARK [1][-]{section.3.2}{\376\377\000I\000n\000t\000\351\000g\000r\000a\000t\000i\000o\000n\000,\000\040\000a\000d\000a\000p\000t\000a\000t\000i\000o\000n\000\040\000e\000t\000\040\000v\000a\000l\000i\000d\000a\000t\000i\000o\000n\000\040\000c\000r\000o\000i\000s\000\351\000e}{chapter.3}% 13
\BOOKMARK [1][-]{section.3.3}{\376\377\000C\000o\000n\000s\000o\000l\000i\000d\000a\000t\000i\000o\000n\000,\000\040\000o\000p\000t\000i\000m\000i\000s\000a\000t\000i\000o\000n\000\040\000e\000t\000\040\000f\000i\000n\000a\000l\000i\000s\000a\000t\000i\000o\000n\000\040\000d\000u\000\040\000p\000r\000o\000t\000o\000t\000y\000p\000e}{chapter.3}% 14
\BOOKMARK [0][-]{chapter.4}{\376\377\000B\000i\000l\000a\000n}{}% 15
\BOOKMARK [1][-]{section.4.1}{\376\377\000A\000c\000q\000u\000i\000s\000\040\000t\000e\000c\000h\000n\000i\000q\000u\000e\000s}{chapter.4}% 16
\BOOKMARK [1][-]{section.4.2}{\376\377\000R\000\351\000s\000u\000l\000t\000a\000t\000\040\000f\000i\000n\000a\000l}{chapter.4}% 17
\BOOKMARK [0][-]{chapter*.11}{\376\377\000C\000o\000n\000c\000l\000u\000s\000i\000o\000n}{}% 18
\BOOKMARK [0][-]{chapter*.12}{\376\377\000S\000i\000t\000o\000g\000r\000a\000p\000h\000i\000e}{}% 19
\BOOKMARK [0][-]{section*.13}{\376\377\000R\000\351\000s\000u\000m\000\351}{}% 20
\BOOKMARK [0][-]{section*.14}{\376\377\000M\000o\000t\000s\000-\000C\000l\000\351\000s}{}% 21
\BOOKMARK [0][-]{section*.15}{\376\377\000A\000b\000s\000t\000r\000a\000c\000t}{}% 22
\BOOKMARK [0][-]{section*.16}{\376\377\000K\000e\000y\000-\000W\000o\000r\000d\000s}{}% 23
